/home/sh0819/ros_urdf_tut/install/urdf_tutorial/lib/python3.8/site-packages/urdf_tutorial/__init__.py
/home/sh0819/ros_urdf_tut/install/urdf_tutorial/lib/python3.8/site-packages/urdf_tutorial/__pycache__/__init__.cpython-38.pyc
/home/sh0819/ros_urdf_tut/install/urdf_tutorial/share/ament_index/resource_index/packages/urdf_tutorial
/home/sh0819/ros_urdf_tut/install/urdf_tutorial/share/urdf_tutorial/package.xml
/home/sh0819/ros_urdf_tut/install/urdf_tutorial/share/urdf_tutorial/launch/robot_3.launch.py
/home/sh0819/ros_urdf_tut/install/urdf_tutorial/share/urdf_tutorial/launch/robot_6.launch.py
/home/sh0819/ros_urdf_tut/install/urdf_tutorial/share/urdf_tutorial/launch/sim.launch.py
/home/sh0819/ros_urdf_tut/install/urdf_tutorial/share/urdf_tutorial/launch/robot_2.launch.py
/home/sh0819/ros_urdf_tut/install/urdf_tutorial/share/urdf_tutorial/launch/robot_1.launch.py
/home/sh0819/ros_urdf_tut/install/urdf_tutorial/share/urdf_tutorial/launch/robot_4.launch.py
/home/sh0819/ros_urdf_tut/install/urdf_tutorial/share/urdf_tutorial/urdf/robot_2.xacro
/home/sh0819/ros_urdf_tut/install/urdf_tutorial/share/urdf_tutorial/urdf/robot_3.xacro
/home/sh0819/ros_urdf_tut/install/urdf_tutorial/share/urdf_tutorial/urdf/depth.xacro
/home/sh0819/ros_urdf_tut/install/urdf_tutorial/share/urdf_tutorial/urdf/robot_1.xacro
/home/sh0819/ros_urdf_tut/install/urdf_tutorial/share/urdf_tutorial/urdf/macros.xacro
/home/sh0819/ros_urdf_tut/install/urdf_tutorial/share/urdf_tutorial/urdf/gazebo.xacro
/home/sh0819/ros_urdf_tut/install/urdf_tutorial/lib/python3.8/site-packages/urdf_tutorial-0.0.0-py3.8.egg-info/PKG-INFO
/home/sh0819/ros_urdf_tut/install/urdf_tutorial/lib/python3.8/site-packages/urdf_tutorial-0.0.0-py3.8.egg-info/SOURCES.txt
/home/sh0819/ros_urdf_tut/install/urdf_tutorial/lib/python3.8/site-packages/urdf_tutorial-0.0.0-py3.8.egg-info/zip-safe
/home/sh0819/ros_urdf_tut/install/urdf_tutorial/lib/python3.8/site-packages/urdf_tutorial-0.0.0-py3.8.egg-info/requires.txt
/home/sh0819/ros_urdf_tut/install/urdf_tutorial/lib/python3.8/site-packages/urdf_tutorial-0.0.0-py3.8.egg-info/top_level.txt
/home/sh0819/ros_urdf_tut/install/urdf_tutorial/lib/python3.8/site-packages/urdf_tutorial-0.0.0-py3.8.egg-info/entry_points.txt
/home/sh0819/ros_urdf_tut/install/urdf_tutorial/lib/python3.8/site-packages/urdf_tutorial-0.0.0-py3.8.egg-info/dependency_links.txt
