[0.509s] Invoking command in '/home/sh0819/ros_urdf_tut/src/urdf_tutorial': PYTHONPATH=/home/sh0819/ros_urdf_tut/build/urdf_tutorial/prefix_override:/usr/lib/python3/dist-packages/colcon_core/task/python/colcon_distutils_commands:/home/sh0819/ros_urdf_tut/install/urdf_tutorial/lib/python3.8/site-packages:${PYTHONPATH} /usr/bin/python3 -W ignore:setup.py install is deprecated -W ignore:easy_install command is deprecated setup.py egg_info --egg-base ../../build/urdf_tutorial build --build-base /home/sh0819/ros_urdf_tut/build/urdf_tutorial/build install --record /home/sh0819/ros_urdf_tut/build/urdf_tutorial/install.log --install-scripts $base/lib/urdf_tutorial --single-version-externally-managed install_data
[0.661s] running egg_info
[0.661s] writing ../../build/urdf_tutorial/urdf_tutorial.egg-info/PKG-INFO
[0.661s] writing dependency_links to ../../build/urdf_tutorial/urdf_tutorial.egg-info/dependency_links.txt
[0.661s] writing entry points to ../../build/urdf_tutorial/urdf_tutorial.egg-info/entry_points.txt
[0.661s] writing requirements to ../../build/urdf_tutorial/urdf_tutorial.egg-info/requires.txt
[0.662s] writing top-level names to ../../build/urdf_tutorial/urdf_tutorial.egg-info/top_level.txt
[0.691s] reading manifest file '../../build/urdf_tutorial/urdf_tutorial.egg-info/SOURCES.txt'
[0.691s] writing manifest file '../../build/urdf_tutorial/urdf_tutorial.egg-info/SOURCES.txt'
[0.691s] running build
[0.691s] running build_py
[0.691s] running install
[0.692s] running install_lib
[0.693s] running install_data
[0.693s] copying launch/robot_6.launch.py -> /home/sh0819/ros_urdf_tut/install/urdf_tutorial/share/urdf_tutorial/launch
[0.693s] running install_egg_info
[0.694s] removing '/home/sh0819/ros_urdf_tut/install/urdf_tutorial/lib/python3.8/site-packages/urdf_tutorial-0.0.0-py3.8.egg-info' (and everything under it)
[0.694s] Copying ../../build/urdf_tutorial/urdf_tutorial.egg-info to /home/sh0819/ros_urdf_tut/install/urdf_tutorial/lib/python3.8/site-packages/urdf_tutorial-0.0.0-py3.8.egg-info
[0.695s] running install_scripts
[0.705s] writing list of installed files to '/home/sh0819/ros_urdf_tut/build/urdf_tutorial/install.log'
[0.719s] Invoked command in '/home/sh0819/ros_urdf_tut/src/urdf_tutorial' returned '0': PYTHONPATH=/home/sh0819/ros_urdf_tut/build/urdf_tutorial/prefix_override:/usr/lib/python3/dist-packages/colcon_core/task/python/colcon_distutils_commands:/home/sh0819/ros_urdf_tut/install/urdf_tutorial/lib/python3.8/site-packages:${PYTHONPATH} /usr/bin/python3 -W ignore:setup.py install is deprecated -W ignore:easy_install command is deprecated setup.py egg_info --egg-base ../../build/urdf_tutorial build --build-base /home/sh0819/ros_urdf_tut/build/urdf_tutorial/build install --record /home/sh0819/ros_urdf_tut/build/urdf_tutorial/install.log --install-scripts $base/lib/urdf_tutorial --single-version-externally-managed install_data
